Symbol range map extraction starting
Processing 9 files
startProcessing "com\tfar\lavawaderbauble\ClientProxy.java" md5: b89c0e9aac73a2713d2af1720aae935f
Cache Hit!
endProcessing "com\tfar\lavawaderbauble\ClientProxy.java"

startProcessing "com\tfar\lavawaderbauble\CommonProxy.java" md5: 3ba167c0ded47f42bc1b05b730be8d1c
Cache Hit!
endProcessing "com\tfar\lavawaderbauble\CommonProxy.java"

startProcessing "com\tfar\lavawaderbauble\InventoryUtils.java" md5: 50dea4a67cd9b7b33593d135a26d1643
Cache Hit!
endProcessing "com\tfar\lavawaderbauble\InventoryUtils.java"

startProcessing "com\tfar\lavawaderbauble\ItemBase.java" md5: 05f61bb39b66c61d4e5607189a0b0490
Cache Hit!
endProcessing "com\tfar\lavawaderbauble\ItemBase.java"

startProcessing "com\tfar\lavawaderbauble\ItemLavaWaderBauble.java" md5: 9a5d6a50bd9a557dc4d6b860578056cc
Cache Hit!
endProcessing "com\tfar\lavawaderbauble\ItemLavaWaderBauble.java"

startProcessing "com\tfar\lavawaderbauble\ItemModel.java" md5: 2b0b92b1ee26aa5018b9489915a6df2c
Cache Hit!
endProcessing "com\tfar\lavawaderbauble\ItemModel.java"

startProcessing "com\tfar\lavawaderbauble\LavaWaderBauble.java" md5: ce9f767aa2d80d6e0f11e307f916c593
Cache Hit!
endProcessing "com\tfar\lavawaderbauble\LavaWaderBauble.java"

startProcessing "com\tfar\lavawaderbauble\LavaWaderBaubleEventHandler.java" md5: 40e7783afdabbcd9ab51cf9c42ade1a5
Cache Hit!
endProcessing "com\tfar\lavawaderbauble\LavaWaderBaubleEventHandler.java"

startProcessing "com\tfar\lavawaderbauble\ModItem.java" md5: 62b8ea2e5c13920a727c4d0c9cadcbf8
Cache Hit!
endProcessing "com\tfar\lavawaderbauble\ModItem.java"

